<?xml version="1.0" encoding="UTF-8"?>
<!-- Generated by org.testng.reporters.JUnitReportReporter -->
<testsuite hostname="DESKTOP-BPA0BAS" failures="0" tests="1" name="com.javaproject.automationsqa.testcase.TestCase1RegisterUserTc" time="5.656" errors="0" timestamp="2022-02-14T12:44:27 BDT" skipped="0">
  <testcase classname="com.javaproject.automationsqa.testcase.TestCase1RegisterUserTc" name="testCase1RegisterUserTc" time="5.656"/>
  <system-out/>
</testsuite> <!-- com.javaproject.automationsqa.testcase.TestCase1RegisterUserTc -->
