<?xml version="1.0" encoding="UTF-8"?>
<!-- Generated by org.testng.reporters.JUnitReportReporter -->
<testsuite hostname="DESKTOP-BPA0BAS" failures="0" tests="1" name="com.javaproject.automationsqa.testcase.TestCase16PlaceOrderLoginBeforeCheckoutTc" time="79.638" errors="0" timestamp="2022-06-22T13:41:27 BDT" skipped="0">
  <testcase classname="com.javaproject.automationsqa.testcase.TestCase16PlaceOrderLoginBeforeCheckoutTc" name="testCase16PlaceOrderLoginBeforeCheckoutTc" time="79.638"/>
  <system-out/>
</testsuite> <!-- com.javaproject.automationsqa.testcase.TestCase16PlaceOrderLoginBeforeCheckoutTc -->
